{
  "RSpec": {
    "coverage": {
      "/Users/danielcampos/Projects/bookmark_manager_w4/spec/features/view_all_links_spec.rb": [
        1,
        1,
        1,
        1,
        1,
        1,
        null,
        null
      ],
      "/Users/danielcampos/Projects/bookmark_manager_w4/spec/link_spec.rb": [
        1,
        null,
        1,
        1,
        1,
        1,
        1,
        1,
        null,
        null,
        null
      ],
      "/Users/danielcampos/Projects/bookmark_manager_w4/spec/test_database_setup.rb": [
        1,
        null,
        1,
        null,
        null,
        1,
        null,
        1,
        null,
        null,
        1,
        1,
        1
      ]
    },
    "timestamp": 1520940372
  }
}
